<?xml version="1.0" encoding="UTF-8"?>
<!-- Generated by org.testng.reporters.JUnitReportReporter -->
<testsuite hostname="Lenovo-PC" failures="0" tests="2" name="com.selenium.tests.sanity_Login" time="6.104" errors="0" timestamp="27 Aug 2019 05:18:17 GMT">
  <testcase classname="com.selenium.tests.sanity_Login" name="learningpriorityinTestng" time="0.002"/>
  <testcase classname="com.selenium.tests.sanity_Login" name="chkIfControlspresent" time="6.102"/>
</testsuite> <!-- com.selenium.tests.sanity_Login -->
