<?xml version="1.0" encoding="UTF-8"?>
<!-- Generated by org.testng.reporters.JUnitReportReporter -->
<testsuite hostname="Lenovo-PC" failures="0" tests="1" name="com.selenium.tests.AncestorInXpath" time="19.936" errors="0" timestamp="27 Aug 2019 10:22:13 GMT">
  <testcase classname="com.selenium.tests.AncestorInXpath" name="testAncestorInXpath" time="19.936"/>
</testsuite> <!-- com.selenium.tests.AncestorInXpath -->
