<?xml version="1.0" encoding="UTF-8"?>
<!-- Generated by org.testng.reporters.JUnitReportReporter -->
<testsuite hostname="Lenovo-PC" failures="0" tests="1" name="com.selenium.tests.NewTest" time="0.002" errors="0" timestamp="24 Aug 2019 13:09:32 GMT">
  <testcase classname="com.selenium.tests.NewTest" name="f" time="0.002"/>
</testsuite> <!-- com.selenium.tests.NewTest -->
