<?xml version="1.0" encoding="UTF-8"?>
<!-- Generated by org.testng.reporters.JUnitReportReporter -->
<testsuite hostname="Lenovo-PC" failures="0" tests="1" name="com.selenium.tests.SequencingTest" time="0.019" errors="0" timestamp="26 Aug 2019 09:18:43 GMT">
  <testcase classname="com.selenium.tests.SequencingTest" name="testCase2" time="0.019"/>
</testsuite> <!-- com.selenium.tests.SequencingTest -->
